0 info it worked if it ends with ok
1 verbose cli [ 'D:\\idea\\android\\tools\\nodejs\\node.exe',
1 verbose cli   'D:\\idea\\android\\tools\\nodejs\\node_modules\\npm\\bin\\npm-cli.js',
1 verbose cli   'run-script',
1 verbose cli   'start' ]
2 info using npm@3.10.3
3 info using node@v6.6.0
4 verbose run-script [ 'prestart', 'start', 'poststart' ]
5 info lifecycle app4@0.0.0~prestart: app4@0.0.0
6 silly lifecycle app4@0.0.0~prestart: no script for prestart, continuing
7 info lifecycle app4@0.0.0~start: app4@0.0.0
8 verbose lifecycle app4@0.0.0~start: unsafe-perm in lifecycle true
9 verbose lifecycle app4@0.0.0~start: PATH: D:\idea\android\tools\nodejs\node_modules\npm\bin\node-gyp-bin;D:\idea\rdes\server\app4\node_modules\.bin;D:\idea\android\tools\nodejs;C:\Program Files\Intel\iCLS Client\;C:\Program Files\NVIDIA Corporation\PhysX\Common;C:\Windows\system32;C:\Windows;C:\Windows\System32\Wbem;C:\Windows\System32\WindowsPowerShell\v1.0\;C:\Program Files\Intel\Intel(R) Management Engine Components\DAL;C:\Program Files\Intel\Intel(R) Management Engine Components\IPT;C:\Program Files\Common Files\Lenovo;C:\ProgramData\Lenovo\ReadyApps;C:\Java\jdk1.8.0_101\bin;D:\idea\android\tools\groovy-2.4.7\bin;D:\idea\android\tools\gradle-3.0\bin;D:\idea\android\tools\androidsdk\platform-tools;D:\idea\android\tools\androidsdk\tools;D:\idea\android\tools\Git\cmd;D:\idea\android\tools\nodejs;C:\Users\cdz\AppData\Roaming\npm\npm;C:\Users\cdz\AppData\Roaming\npm;.;;.;;.;
10 verbose lifecycle app4@0.0.0~start: CWD: D:\idea\rdes\server\app4
11 silly lifecycle app4@0.0.0~start: Args: [ '/d /s /c', 'node ./bin/www' ]
12 silly lifecycle app4@0.0.0~start: Returned: code: 1  signal: null
13 info lifecycle app4@0.0.0~start: Failed to exec start script
14 verbose stack Error: app4@0.0.0 start: `node ./bin/www`
14 verbose stack Exit status 1
14 verbose stack     at EventEmitter.<anonymous> (D:\idea\android\tools\nodejs\node_modules\npm\lib\utils\lifecycle.js:242:16)
14 verbose stack     at emitTwo (events.js:106:13)
14 verbose stack     at EventEmitter.emit (events.js:191:7)
14 verbose stack     at ChildProcess.<anonymous> (D:\idea\android\tools\nodejs\node_modules\npm\lib\utils\spawn.js:40:14)
14 verbose stack     at emitTwo (events.js:106:13)
14 verbose stack     at ChildProcess.emit (events.js:191:7)
14 verbose stack     at maybeClose (internal/child_process.js:877:16)
14 verbose stack     at Process.ChildProcess._handle.onexit (internal/child_process.js:226:5)
15 verbose pkgid app4@0.0.0
16 verbose cwd D:\idea\rdes\server\app4
17 error Windows_NT 6.1.7601
18 error argv "D:\\idea\\android\\tools\\nodejs\\node.exe" "D:\\idea\\android\\tools\\nodejs\\node_modules\\npm\\bin\\npm-cli.js" "run-script" "start"
19 error node v6.6.0
20 error npm  v3.10.3
21 error code ELIFECYCLE
22 error app4@0.0.0 start: `node ./bin/www`
22 error Exit status 1
23 error Failed at the app4@0.0.0 start script 'node ./bin/www'.
23 error Make sure you have the latest version of node.js and npm installed.
23 error If you do, this is most likely a problem with the app4 package,
23 error not with npm itself.
23 error Tell the author that this fails on your system:
23 error     node ./bin/www
23 error You can get information on how to open an issue for this project with:
23 error     npm bugs app4
23 error Or if that isn't available, you can get their info via:
23 error     npm owner ls app4
23 error There is likely additional logging output above.
24 verbose exit [ 1, true ]
